Determining if the pthread_create exist failed with the following output:
Change Dir: /home/curtis/dev/ros-helloworld/build/CMakeFiles/CMakeTmp

Run Build Command:"/usr/bin/make" "cmTC_fc4ee/fast"
/usr/bin/make -f CMakeFiles/cmTC_fc4ee.dir/build.make CMakeFiles/cmTC_fc4ee.dir/build
make[1]: Entering directory '/home/curtis/dev/ros-helloworld/build/CMakeFiles/CMakeTmp'
Building C object CMakeFiles/cmTC_fc4ee.dir/CheckSymbolExists.c.o
/usr/bin/cc     -o CMakeFiles/cmTC_fc4ee.dir/CheckSymbolExists.c.o   -c /home/curtis/dev/ros-helloworld/build/CMakeFiles/CMakeTmp/CheckSymbolExists.c
Linking C executable cmTC_fc4ee
/usr/bin/cmake -E cmake_link_script CMakeFiles/cmTC_fc4ee.dir/link.txt --verbose=1
/usr/bin/cc       CMakeFiles/cmTC_fc4ee.dir/CheckSymbolExists.c.o  -o cmTC_fc4ee -rdynamic 
CMakeFiles/cmTC_fc4ee.dir/CheckSymbolExists.c.o: In function `main':
CheckSymbolExists.c:(.text+0x16): undefined reference to `pthread_create'
collect2: error: ld returned 1 exit status
CMakeFiles/cmTC_fc4ee.dir/build.make:97: recipe for target 'cmTC_fc4ee' failed
make[1]: *** [cmTC_fc4ee] Error 1
make[1]: Leaving directory '/home/curtis/dev/ros-helloworld/build/CMakeFiles/CMakeTmp'
Makefile:126: recipe for target 'cmTC_fc4ee/fast' failed
make: *** [cmTC_fc4ee/fast] Error 2

File /home/curtis/dev/ros-helloworld/build/CMakeFiles/CMakeTmp/CheckSymbolExists.c:
/* */
#include <pthread.h>

int main(int argc, char** argv)
{
  (void)argv;
#ifndef pthread_create
  return ((int*)(&pthread_create))[argc];
#else
  (void)argc;
  return 0;
#endif
}

Determining if the function pthread_create exists in the pthreads failed with the following output:
Change Dir: /home/curtis/dev/ros-helloworld/build/CMakeFiles/CMakeTmp

Run Build Command:"/usr/bin/make" "cmTC_c1abf/fast"
/usr/bin/make -f CMakeFiles/cmTC_c1abf.dir/build.make CMakeFiles/cmTC_c1abf.dir/build
make[1]: Entering directory '/home/curtis/dev/ros-helloworld/build/CMakeFiles/CMakeTmp'
Building C object CMakeFiles/cmTC_c1abf.dir/CheckFunctionExists.c.o
/usr/bin/cc    -DCHECK_FUNCTION_EXISTS=pthread_create   -o CMakeFiles/cmTC_c1abf.dir/CheckFunctionExists.c.o   -c /usr/share/cmake-3.5/Modules/CheckFunctionExists.c
Linking C executable cmTC_c1abf
/usr/bin/cmake -E cmake_link_script CMakeFiles/cmTC_c1abf.dir/link.txt --verbose=1
/usr/bin/cc   -DCHECK_FUNCTION_EXISTS=pthread_create    CMakeFiles/cmTC_c1abf.dir/CheckFunctionExists.c.o  -o cmTC_c1abf -rdynamic -lpthreads 
/usr/bin/ld: cannot find -lpthreads
collect2: error: ld returned 1 exit status
CMakeFiles/cmTC_c1abf.dir/build.make:97: recipe for target 'cmTC_c1abf' failed
make[1]: *** [cmTC_c1abf] Error 1
make[1]: Leaving directory '/home/curtis/dev/ros-helloworld/build/CMakeFiles/CMakeTmp'
Makefile:126: recipe for target 'cmTC_c1abf/fast' failed
make: *** [cmTC_c1abf/fast] Error 2


